<?xml version="1.0" encoding="UTF-8"?>
<testng-results ignored="0" total="1" passed="1" failed="0" skipped="0">
  <reporter-output>
  </reporter-output>
  <suite started-at="2023-04-08T21:22:20 BDT" name="Default suite" finished-at="2023-04-08T21:23:04 BDT" duration-ms="44277">
    <groups>
    </groups>
    <test started-at="2023-04-08T21:22:20 BDT" name="Default test" finished-at="2023-04-08T21:23:04 BDT" duration-ms="44277">
      <class name="testcases.WafilifeHomePageTest">
        <test-method is-config="true" signature="setBrowser()[pri:0, instance:testcases.WafilifeHomePageTest@66c61024]" started-at="2023-04-08T21:22:20 BDT" name="setBrowser" finished-at="2023-04-08T21:22:24 BDT" duration-ms="4378" status="PASS">
          <reporter-output>
          </reporter-output>
        </test-method> <!-- setBrowser -->
        <test-method signature="HomePageTest()[pri:0, instance:testcases.WafilifeHomePageTest@66c61024]" started-at="2023-04-08T21:22:24 BDT" name="HomePageTest" finished-at="2023-04-08T21:23:03 BDT" duration-ms="39017" status="PASS">
          <reporter-output>
          </reporter-output>
        </test-method> <!-- HomePageTest -->
        <test-method is-config="true" signature="quitBrowser()[pri:0, instance:testcases.WafilifeHomePageTest@66c61024]" started-at="2023-04-08T21:23:04 BDT" name="quitBrowser" finished-at="2023-04-08T21:23:04 BDT" duration-ms="536" status="PASS">
          <reporter-output>
          </reporter-output>
        </test-method> <!-- quitBrowser -->
      </class> <!-- testcases.WafilifeHomePageTest -->
    </test> <!-- Default test -->
  </suite> <!-- Default suite -->
</testng-results>
